<?xml version="1.0" encoding="UTF-8"?>
<testsuite name="com.ktcraft.pvs.service.security.JwtTokenFilterTest" tests="6" skipped="0" failures="0" errors="0" timestamp="2023-07-28T02:30:01" hostname="FWS-CHE-LT-6072" time="0.122">
  <properties/>
  <testcase name="doFilterInternalWithExpiredTokenHeader()" classname="com.ktcraft.pvs.service.security.JwtTokenFilterTest" time="0.1"/>
  <testcase name="doFilterInternalWithInvalidHeader()" classname="com.ktcraft.pvs.service.security.JwtTokenFilterTest" time="0.002"/>
  <testcase name="doFilterInternalWithValidToken()" classname="com.ktcraft.pvs.service.security.JwtTokenFilterTest" time="0.005"/>
  <testcase name="doFilterInternalWithInvalidType()" classname="com.ktcraft.pvs.service.security.JwtTokenFilterTest" time="0.004"/>
  <testcase name="doFilterInternalWithoutProductId()" classname="com.ktcraft.pvs.service.security.JwtTokenFilterTest" time="0.005"/>
  <testcase name="doFilterInternalWithoutHeader()" classname="com.ktcraft.pvs.service.security.JwtTokenFilterTest" time="0.002"/>
  <system-out><![CDATA[2023-07-28 08:00:01.031  INFO 64956 --- [    Test worker] .b.t.c.SpringBootTestContextBootstrapper : Neither @ContextConfiguration nor @ContextHierarchy found for test class [com.ktcraft.pvs.service.security.JwtTokenFilterTest], using SpringBootContextLoader
2023-07-28 08:00:01.032  INFO 64956 --- [    Test worker] o.s.t.c.support.AbstractContextLoader    : Could not detect default resource locations for test class [com.ktcraft.pvs.service.security.JwtTokenFilterTest]: no resource found for suffixes {-context.xml, Context.groovy}.
2023-07-28 08:00:01.032  INFO 64956 --- [    Test worker] t.c.s.AnnotationConfigContextLoaderUtils : Could not detect default configuration classes for test class [com.ktcraft.pvs.service.security.JwtTokenFilterTest]: JwtTokenFilterTest does not declare any static, non-private, non-final, nested classes annotated with @Configuration.
2023-07-28 08:00:01.037  INFO 64956 --- [    Test worker] .b.t.c.SpringBootTestContextBootstrapper : Found @SpringBootConfiguration com.ktcraft.pvs.PvsApplication for test class com.ktcraft.pvs.service.security.JwtTokenFilterTest
2023-07-28 08:00:01.038  INFO 64956 --- [    Test worker] .b.t.c.SpringBootTestContextBootstrapper : Loaded default TestExecutionListener class names from location [META-INF/spring.factories]: [org.springframework.boot.test.autoconfigure.restdocs.RestDocsTestExecutionListener, org.springframework.boot.test.autoconfigure.web.client.MockRestServiceServerResetTestExecutionListener, org.springframework.boot.test.autoconfigure.web.servlet.MockMvcPrintOnlyOnFailureTestExecutionListener, org.springframework.boot.test.autoconfigure.web.servlet.WebDriverTestExecutionListener, org.springframework.boot.test.autoconfigure.webservices.client.MockWebServiceServerTestExecutionListener, org.springframework.boot.test.mock.mockito.MockitoTestExecutionListener, org.springframework.boot.test.mock.mockito.ResetMocksTestExecutionListener, org.springframework.test.context.web.ServletTestExecutionListener, org.springframework.test.context.support.DirtiesContextBeforeModesTestExecutionListener, org.springframework.test.context.event.ApplicationEventsTestExecutionListener, org.springframework.test.context.support.DependencyInjectionTestExecutionListener, org.springframework.test.context.support.DirtiesContextTestExecutionListener, org.springframework.test.context.transaction.TransactionalTestExecutionListener, org.springframework.test.context.jdbc.SqlScriptsTestExecutionListener, org.springframework.test.context.event.EventPublishingTestExecutionListener]
2023-07-28 08:00:01.039  INFO 64956 --- [    Test worker] .b.t.c.SpringBootTestContextBootstrapper : Using TestExecutionListeners: [org.springframework.test.context.web.ServletTestExecutionListener@41d53813, org.springframework.test.context.support.DirtiesContextBeforeModesTestExecutionListener@52f118aa, org.springframework.test.context.event.ApplicationEventsTestExecutionListener@31cd0efa, org.springframework.boot.test.mock.mockito.MockitoTestExecutionListener@3294102e, org.springframework.boot.test.autoconfigure.SpringBootDependencyInjectionTestExecutionListener@5a69b3cf, org.springframework.test.context.support.DirtiesContextTestExecutionListener@7c460, org.springframework.test.context.event.EventPublishingTestExecutionListener@59e4a044, org.springframework.boot.test.autoconfigure.restdocs.RestDocsTestExecutionListener@4be3de36, org.springframework.boot.test.autoconfigure.web.client.MockRestServiceServerResetTestExecutionListener@5c03eb4e, org.springframework.boot.test.autoconfigure.web.servlet.MockMvcPrintOnlyOnFailureTestExecutionListener@6219006a, org.springframework.boot.test.autoconfigure.web.servlet.WebDriverTestExecutionListener@1e836aed, org.springframework.boot.test.autoconfigure.webservices.client.MockWebServiceServerTestExecutionListener@4bc41565, org.springframework.boot.test.mock.mockito.ResetMocksTestExecutionListener@8dedec8]

  .   ____          _            __ _ _
 /\\ / ___'_ __ _ _(_)_ __  __ _ \ \ \ \
( ( )\___ | '_ | '_| | '_ \/ _` | \ \ \ \
 \\/  ___)| |_)| | | | | || (_| |  ) ) ) )
  '  |____| .__|_| |_|_| |_\__, | / / / /
 =========|_|==============|___/=/_/_/_/
 :: Spring Boot ::               (v2.7.14)

2023-07-28 08:00:01.062  INFO 64956 --- [    Test worker] c.k.p.s.security.JwtTokenFilterTest      : Starting JwtTokenFilterTest using Java 11.0.12 on FWS-CHE-LT-6072 with PID 64956 (started by ktallapragada in /Users/ktallapragada/Documents/projects/learn/pvs)
2023-07-28 08:00:01.063  INFO 64956 --- [    Test worker] c.k.p.s.security.JwtTokenFilterTest      : No active profile set, falling back to 1 default profile: "default"
2023-07-28 08:00:01.283  WARN 64956 --- [    Test worker] .s.s.UserDetailsServiceAutoConfiguration : 

Using generated security password: d91d22ca-0602-46d7-a2a1-f9c12cd277e9

This generated password is for development use only. Your security configuration must be updated before running your application in production.

2023-07-28 08:00:01.322  INFO 64956 --- [    Test worker] o.s.s.web.DefaultSecurityFilterChain     : Will secure any request with [org.springframework.security.web.session.DisableEncodeUrlFilter@297454f7, org.springframework.security.web.context.request.async.WebAsyncManagerIntegrationFilter@602b7944, org.springframework.security.web.context.SecurityContextPersistenceFilter@458b4487, org.springframework.security.web.header.HeaderWriterFilter@7a600e21, org.springframework.security.web.authentication.logout.LogoutFilter@52849956, com.ktcraft.pvs.service.security.JwtTokenFilter@5f8d4b51, org.springframework.security.web.savedrequest.RequestCacheAwareFilter@53016c98, org.springframework.security.web.servletapi.SecurityContextHolderAwareRequestFilter@296a71df, org.springframework.security.web.authentication.AnonymousAuthenticationFilter@55821edf, org.springframework.security.web.session.SessionManagementFilter@69d1ad64, org.springframework.security.web.access.ExceptionTranslationFilter@57f83c82, org.springframework.security.web.access.intercept.FilterSecurityInterceptor@69dc7b24]
2023-07-28 08:00:01.541  INFO 64956 --- [    Test worker] c.k.p.s.security.JwtTokenFilterTest      : Started JwtTokenFilterTest in 0.5 seconds (JVM running for 4.88)
]]></system-out>
  <system-err><![CDATA[]]></system-err>
</testsuite>
