<?xml version="1.0" encoding="UTF-8"?>
<testsuite name="com.ktcraft.pvs.PvsApplicationTests" tests="1" skipped="0" failures="0" errors="0" timestamp="2023-07-28T02:30:00" hostname="FWS-CHE-LT-6072" time="0.344">
  <properties/>
  <testcase name="contextLoads()" classname="com.ktcraft.pvs.PvsApplicationTests" time="0.344"/>
  <system-out><![CDATA[07:59:57.467 [Test worker] DEBUG org.springframework.test.context.BootstrapUtils - Instantiating CacheAwareContextLoaderDelegate from class [org.springframework.test.context.cache.DefaultCacheAwareContextLoaderDelegate]
07:59:57.475 [Test worker] DEBUG org.springframework.test.context.BootstrapUtils - Instantiating BootstrapContext using constructor [public org.springframework.test.context.support.DefaultBootstrapContext(java.lang.Class,org.springframework.test.context.CacheAwareContextLoaderDelegate)]
07:59:57.503 [Test worker] DEBUG org.springframework.test.context.BootstrapUtils - Instantiating TestContextBootstrapper for test class [com.ktcraft.pvs.PvsApplicationTests] from class [org.springframework.boot.test.context.SpringBootTestContextBootstrapper]
07:59:57.513 [Test worker] INFO org.springframework.boot.test.context.SpringBootTestContextBootstrapper - Neither @ContextConfiguration nor @ContextHierarchy found for test class [com.ktcraft.pvs.PvsApplicationTests], using SpringBootContextLoader
07:59:57.516 [Test worker] DEBUG org.springframework.test.context.support.AbstractContextLoader - Did not detect default resource location for test class [com.ktcraft.pvs.PvsApplicationTests]: class path resource [com/ktcraft/pvs/PvsApplicationTests-context.xml] does not exist
07:59:57.516 [Test worker] DEBUG org.springframework.test.context.support.AbstractContextLoader - Did not detect default resource location for test class [com.ktcraft.pvs.PvsApplicationTests]: class path resource [com/ktcraft/pvs/PvsApplicationTestsContext.groovy] does not exist
07:59:57.517 [Test worker] INFO org.springframework.test.context.support.AbstractContextLoader - Could not detect default resource locations for test class [com.ktcraft.pvs.PvsApplicationTests]: no resource found for suffixes {-context.xml, Context.groovy}.
07:59:57.517 [Test worker] INFO org.springframework.test.context.support.AnnotationConfigContextLoaderUtils - Could not detect default configuration classes for test class [com.ktcraft.pvs.PvsApplicationTests]: PvsApplicationTests does not declare any static, non-private, non-final, nested classes annotated with @Configuration.
07:59:57.554 [Test worker] DEBUG org.springframework.test.context.support.ActiveProfilesUtils - Could not find an 'annotation declaring class' for annotation type [org.springframework.test.context.ActiveProfiles] and class [com.ktcraft.pvs.PvsApplicationTests]
07:59:57.601 [Test worker] DEBUG org.springframework.context.annotation.ClassPathScanningCandidateComponentProvider - Identified candidate component class: file [/Users/ktallapragada/Documents/projects/learn/pvs/build/classes/java/main/com/ktcraft/pvs/PvsApplication.class]
07:59:57.602 [Test worker] INFO org.springframework.boot.test.context.SpringBootTestContextBootstrapper - Found @SpringBootConfiguration com.ktcraft.pvs.PvsApplication for test class com.ktcraft.pvs.PvsApplicationTests
07:59:57.723 [Test worker] DEBUG org.springframework.boot.test.context.SpringBootTestContextBootstrapper - @TestExecutionListeners is not present for class [com.ktcraft.pvs.PvsApplicationTests]: using defaults.
07:59:57.723 [Test worker] INFO org.springframework.boot.test.context.SpringBootTestContextBootstrapper - Loaded default TestExecutionListener class names from location [META-INF/spring.factories]: [org.springframework.boot.test.autoconfigure.restdocs.RestDocsTestExecutionListener, org.springframework.boot.test.autoconfigure.web.client.MockRestServiceServerResetTestExecutionListener, org.springframework.boot.test.autoconfigure.web.servlet.MockMvcPrintOnlyOnFailureTestExecutionListener, org.springframework.boot.test.autoconfigure.web.servlet.WebDriverTestExecutionListener, org.springframework.boot.test.autoconfigure.webservices.client.MockWebServiceServerTestExecutionListener, org.springframework.boot.test.mock.mockito.MockitoTestExecutionListener, org.springframework.boot.test.mock.mockito.ResetMocksTestExecutionListener, org.springframework.test.context.web.ServletTestExecutionListener, org.springframework.test.context.support.DirtiesContextBeforeModesTestExecutionListener, org.springframework.test.context.event.ApplicationEventsTestExecutionListener, org.springframework.test.context.support.DependencyInjectionTestExecutionListener, org.springframework.test.context.support.DirtiesContextTestExecutionListener, org.springframework.test.context.transaction.TransactionalTestExecutionListener, org.springframework.test.context.jdbc.SqlScriptsTestExecutionListener, org.springframework.test.context.event.EventPublishingTestExecutionListener]
07:59:57.736 [Test worker] DEBUG org.springframework.boot.test.context.SpringBootTestContextBootstrapper - Skipping candidate TestExecutionListener [org.springframework.test.context.transaction.TransactionalTestExecutionListener] due to a missing dependency. Specify custom listener classes or make the default listener classes and their required dependencies available. Offending class: [org/springframework/transaction/TransactionDefinition]
07:59:57.736 [Test worker] DEBUG org.springframework.boot.test.context.SpringBootTestContextBootstrapper - Skipping candidate TestExecutionListener [org.springframework.test.context.jdbc.SqlScriptsTestExecutionListener] due to a missing dependency. Specify custom listener classes or make the default listener classes and their required dependencies available. Offending class: [org/springframework/transaction/interceptor/TransactionAttribute]
07:59:57.737 [Test worker] INFO org.springframework.boot.test.context.SpringBootTestContextBootstrapper - Using TestExecutionListeners: [org.springframework.test.context.web.ServletTestExecutionListener@4acf72b6, org.springframework.test.context.support.DirtiesContextBeforeModesTestExecutionListener@7561db12, org.springframework.test.context.event.ApplicationEventsTestExecutionListener@3301500b, org.springframework.boot.test.mock.mockito.MockitoTestExecutionListener@24b52d3e, org.springframework.boot.test.autoconfigure.SpringBootDependencyInjectionTestExecutionListener@15deb1dc, org.springframework.test.context.support.DirtiesContextTestExecutionListener@6e9c413e, org.springframework.test.context.event.EventPublishingTestExecutionListener@57a4d5ee, org.springframework.boot.test.autoconfigure.restdocs.RestDocsTestExecutionListener@5af5def9, org.springframework.boot.test.autoconfigure.web.client.MockRestServiceServerResetTestExecutionListener@3a45c42a, org.springframework.boot.test.autoconfigure.web.servlet.MockMvcPrintOnlyOnFailureTestExecutionListener@36dce7ed, org.springframework.boot.test.autoconfigure.web.servlet.WebDriverTestExecutionListener@47a64f7d, org.springframework.boot.test.autoconfigure.webservices.client.MockWebServiceServerTestExecutionListener@33d05366, org.springframework.boot.test.mock.mockito.ResetMocksTestExecutionListener@27a0a5a2]
07:59:57.740 [Test worker] DEBUG org.springframework.test.context.support.AbstractDirtiesContextTestExecutionListener - Before test class: context [DefaultTestContext@6b739528 testClass = PvsApplicationTests, testInstance = [null], testMethod = [null], testException = [null], mergedContextConfiguration = [WebMergedContextConfiguration@622ef26a testClass = PvsApplicationTests, locations = '{}', classes = '{class com.ktcraft.pvs.PvsApplication}', contextInitializerClasses = '[]', activeProfiles = '{}', propertySourceLocations = '{}', propertySourceProperties = '{org.springframework.boot.test.context.SpringBootTestContextBootstrapper=true}', contextCustomizers = set[org.springframework.boot.test.autoconfigure.actuate.metrics.MetricsExportContextCustomizerFactory$DisableMetricExportContextCustomizer@21baa903, org.springframework.boot.test.autoconfigure.properties.PropertyMappingContextCustomizer@0, org.springframework.boot.test.autoconfigure.web.servlet.WebDriverContextCustomizerFactory$Customizer@2b5825fa, org.springframework.boot.test.context.filter.ExcludeFilterContextCustomizer@163d04ff, org.springframework.boot.test.json.DuplicateJsonObjectContextCustomizerFactory$DuplicateJsonObjectContextCustomizer@788fcafb, org.springframework.boot.test.mock.mockito.MockitoContextCustomizer@0, org.springframework.boot.test.web.client.TestRestTemplateContextCustomizer@505a9d7c, org.springframework.boot.test.context.SpringBootTestArgs@1, org.springframework.boot.test.context.SpringBootTestWebEnvironment@7f2cfe3f], resourceBasePath = 'src/main/webapp', contextLoader = 'org.springframework.boot.test.context.SpringBootContextLoader', parent = [null]], attributes = map['org.springframework.test.context.web.ServletTestExecutionListener.activateListener' -> true]], class annotated with @DirtiesContext [false] with mode [null].

  .   ____          _            __ _ _
 /\\ / ___'_ __ _ _(_)_ __  __ _ \ \ \ \
( ( )\___ | '_ | '_| | '_ \/ _` | \ \ \ \
 \\/  ___)| |_)| | | | | || (_| |  ) ) ) )
  '  |____| .__|_| |_|_| |_\__, | / / / /
 =========|_|==============|___/=/_/_/_/
 :: Spring Boot ::               (v2.7.14)

2023-07-28 07:59:58.084  INFO 64956 --- [    Test worker] com.ktcraft.pvs.PvsApplicationTests      : Starting PvsApplicationTests using Java 11.0.12 on FWS-CHE-LT-6072 with PID 64956 (started by ktallapragada in /Users/ktallapragada/Documents/projects/learn/pvs)
2023-07-28 07:59:58.085  INFO 64956 --- [    Test worker] com.ktcraft.pvs.PvsApplicationTests      : No active profile set, falling back to 1 default profile: "default"
2023-07-28 07:59:59.504  WARN 64956 --- [    Test worker] .s.s.UserDetailsServiceAutoConfiguration : 

Using generated security password: 06c7afad-6ce2-4219-8580-d8058474354d

This generated password is for development use only. Your security configuration must be updated before running your application in production.

2023-07-28 07:59:59.646  INFO 64956 --- [    Test worker] o.s.s.web.DefaultSecurityFilterChain     : Will secure any request with [org.springframework.security.web.session.DisableEncodeUrlFilter@5f883d90, org.springframework.security.web.context.request.async.WebAsyncManagerIntegrationFilter@7e58f697, org.springframework.security.web.context.SecurityContextPersistenceFilter@9729a97, org.springframework.security.web.header.HeaderWriterFilter@44ccd75c, org.springframework.security.web.authentication.logout.LogoutFilter@6546371, com.ktcraft.pvs.service.security.JwtTokenFilter@44384b4a, org.springframework.security.web.savedrequest.RequestCacheAwareFilter@4adf3582, org.springframework.security.web.servletapi.SecurityContextHolderAwareRequestFilter@25ae1f80, org.springframework.security.web.authentication.AnonymousAuthenticationFilter@5cc3e49b, org.springframework.security.web.session.SessionManagementFilter@25a290ee, org.springframework.security.web.access.ExceptionTranslationFilter@2bb717d7, org.springframework.security.web.access.intercept.FilterSecurityInterceptor@22fb9a2c]
2023-07-28 08:00:00.170  INFO 64956 --- [    Test worker] com.ktcraft.pvs.PvsApplicationTests      : Started PvsApplicationTests in 2.392 seconds (JVM running for 3.509)
]]></system-out>
  <system-err><![CDATA[]]></system-err>
</testsuite>
