<?xml version="1.0" encoding="UTF-8"?>
<testsuite name="com.ktcraft.pvs.service.profile.dao.ProfileServiceImplTest" tests="7" skipped="0" failures="0" errors="0" timestamp="2023-07-28T02:30:00" hostname="FWS-CHE-LT-6072" time="0.169">
  <properties/>
  <testcase name="getProfileForOrganizationId()" classname="com.ktcraft.pvs.service.profile.dao.ProfileServiceImplTest" time="0.109"/>
  <testcase name="updateProfile()" classname="com.ktcraft.pvs.service.profile.dao.ProfileServiceImplTest" time="0.023"/>
  <testcase name="deleteProfileForOrganizationId()" classname="com.ktcraft.pvs.service.profile.dao.ProfileServiceImplTest" time="0.002"/>
  <testcase name="testGetProfileForOrganizationId()" classname="com.ktcraft.pvs.service.profile.dao.ProfileServiceImplTest" time="0.001"/>
  <testcase name="verifyProfileUpdateRequest()" classname="com.ktcraft.pvs.service.profile.dao.ProfileServiceImplTest" time="0.005"/>
  <testcase name="deleteProfileUpdateRequest()" classname="com.ktcraft.pvs.service.profile.dao.ProfileServiceImplTest" time="0.004"/>
  <testcase name="createProfile()" classname="com.ktcraft.pvs.service.profile.dao.ProfileServiceImplTest" time="0.018"/>
  <system-out><![CDATA[2023-07-28 08:00:00.571  INFO 64956 --- [    Test worker] o.s.t.c.s.DefaultTestContextBootstrapper : Neither @ContextConfiguration nor @ContextHierarchy found for test class [com.ktcraft.pvs.service.profile.dao.ProfileServiceImplTest], using DelegatingSmartContextLoader
2023-07-28 08:00:00.572  INFO 64956 --- [    Test worker] o.s.t.c.support.AbstractContextLoader    : Could not detect default resource locations for test class [com.ktcraft.pvs.service.profile.dao.ProfileServiceImplTest]: no resource found for suffixes {-context.xml}.
2023-07-28 08:00:00.572  INFO 64956 --- [    Test worker] t.c.s.AnnotationConfigContextLoaderUtils : Could not detect default configuration classes for test class [com.ktcraft.pvs.service.profile.dao.ProfileServiceImplTest]: ProfileServiceImplTest does not declare any static, non-private, non-final, nested classes annotated with @Configuration.
2023-07-28 08:00:00.577  INFO 64956 --- [    Test worker] o.s.t.c.s.DefaultTestContextBootstrapper : Loaded default TestExecutionListener class names from location [META-INF/spring.factories]: [org.springframework.boot.test.autoconfigure.restdocs.RestDocsTestExecutionListener, org.springframework.boot.test.autoconfigure.web.client.MockRestServiceServerResetTestExecutionListener, org.springframework.boot.test.autoconfigure.web.servlet.MockMvcPrintOnlyOnFailureTestExecutionListener, org.springframework.boot.test.autoconfigure.web.servlet.WebDriverTestExecutionListener, org.springframework.boot.test.autoconfigure.webservices.client.MockWebServiceServerTestExecutionListener, org.springframework.boot.test.mock.mockito.MockitoTestExecutionListener, org.springframework.boot.test.mock.mockito.ResetMocksTestExecutionListener, org.springframework.test.context.web.ServletTestExecutionListener, org.springframework.test.context.support.DirtiesContextBeforeModesTestExecutionListener, org.springframework.test.context.event.ApplicationEventsTestExecutionListener, org.springframework.test.context.support.DependencyInjectionTestExecutionListener, org.springframework.test.context.support.DirtiesContextTestExecutionListener, org.springframework.test.context.transaction.TransactionalTestExecutionListener, org.springframework.test.context.jdbc.SqlScriptsTestExecutionListener, org.springframework.test.context.event.EventPublishingTestExecutionListener]
2023-07-28 08:00:00.578  INFO 64956 --- [    Test worker] o.s.t.c.s.DefaultTestContextBootstrapper : Using TestExecutionListeners: [org.springframework.test.context.web.ServletTestExecutionListener@740ad32e, org.springframework.test.context.support.DirtiesContextBeforeModesTestExecutionListener@7f41d979, org.springframework.test.context.event.ApplicationEventsTestExecutionListener@71d0b8a4, org.springframework.boot.test.mock.mockito.MockitoTestExecutionListener@6d6712b7, org.springframework.test.context.support.DependencyInjectionTestExecutionListener@4f563f96, org.springframework.test.context.support.DirtiesContextTestExecutionListener@3eadad14, org.springframework.test.context.event.EventPublishingTestExecutionListener@4acc27fd, org.springframework.boot.test.autoconfigure.restdocs.RestDocsTestExecutionListener@1feb76b9, org.springframework.boot.test.autoconfigure.web.client.MockRestServiceServerResetTestExecutionListener@61bf405d, org.springframework.boot.test.autoconfigure.web.servlet.MockMvcPrintOnlyOnFailureTestExecutionListener@32298473, org.springframework.boot.test.autoconfigure.web.servlet.WebDriverTestExecutionListener@19f1be04, org.springframework.boot.test.autoconfigure.webservices.client.MockWebServiceServerTestExecutionListener@5d6b5d3d, org.springframework.boot.test.mock.mockito.ResetMocksTestExecutionListener@464d5365]
]]></system-out>
  <system-err><![CDATA[]]></system-err>
</testsuite>
