<?xml version="1.0" encoding="UTF-8"?>
<testsuite name="com.ktcraft.pvs.service.security.util.AuthUtilTest" tests="8" skipped="0" failures="0" errors="0" timestamp="2023-07-28T02:30:01" hostname="FWS-CHE-LT-6072" time="0.044">
  <properties/>
  <testcase name="getAccountAuthentication_withoutAuthentication()" classname="com.ktcraft.pvs.service.security.util.AuthUtilTest" time="0.002"/>
  <testcase name="getAccountAuthentication_withAccountAuthentication()" classname="com.ktcraft.pvs.service.security.util.AuthUtilTest" time="0.017"/>
  <testcase name="getCurrentAccount_withoutOrgId()" classname="com.ktcraft.pvs.service.security.util.AuthUtilTest" time="0.002"/>
  <testcase name="getCurrentAccount_withoutAccountId()" classname="com.ktcraft.pvs.service.security.util.AuthUtilTest" time="0.003"/>
  <testcase name="getCurrentAccount_withoutProductId()" classname="com.ktcraft.pvs.service.security.util.AuthUtilTest" time="0.003"/>
  <testcase name="getAccountAuthentication_withoutAccountAuthentication()" classname="com.ktcraft.pvs.service.security.util.AuthUtilTest" time="0.009"/>
  <testcase name="getCurrentAccount_withAccountNull()" classname="com.ktcraft.pvs.service.security.util.AuthUtilTest" time="0.001"/>
  <testcase name="getCurrentAccount_withValidAccountAuthentication()" classname="com.ktcraft.pvs.service.security.util.AuthUtilTest" time="0.002"/>
  <system-out><![CDATA[2023-07-28 08:00:01.667  INFO 64956 --- [    Test worker] .b.t.c.SpringBootTestContextBootstrapper : Neither @ContextConfiguration nor @ContextHierarchy found for test class [com.ktcraft.pvs.service.security.util.AuthUtilTest], using SpringBootContextLoader
2023-07-28 08:00:01.667  INFO 64956 --- [    Test worker] o.s.t.c.support.AbstractContextLoader    : Could not detect default resource locations for test class [com.ktcraft.pvs.service.security.util.AuthUtilTest]: no resource found for suffixes {-context.xml, Context.groovy}.
2023-07-28 08:00:01.667  INFO 64956 --- [    Test worker] t.c.s.AnnotationConfigContextLoaderUtils : Could not detect default configuration classes for test class [com.ktcraft.pvs.service.security.util.AuthUtilTest]: AuthUtilTest does not declare any static, non-private, non-final, nested classes annotated with @Configuration.
2023-07-28 08:00:01.673  INFO 64956 --- [    Test worker] .b.t.c.SpringBootTestContextBootstrapper : Found @SpringBootConfiguration com.ktcraft.pvs.PvsApplication for test class com.ktcraft.pvs.service.security.util.AuthUtilTest
2023-07-28 08:00:01.674  INFO 64956 --- [    Test worker] .b.t.c.SpringBootTestContextBootstrapper : Loaded default TestExecutionListener class names from location [META-INF/spring.factories]: [org.springframework.boot.test.autoconfigure.restdocs.RestDocsTestExecutionListener, org.springframework.boot.test.autoconfigure.web.client.MockRestServiceServerResetTestExecutionListener, org.springframework.boot.test.autoconfigure.web.servlet.MockMvcPrintOnlyOnFailureTestExecutionListener, org.springframework.boot.test.autoconfigure.web.servlet.WebDriverTestExecutionListener, org.springframework.boot.test.autoconfigure.webservices.client.MockWebServiceServerTestExecutionListener, org.springframework.boot.test.mock.mockito.MockitoTestExecutionListener, org.springframework.boot.test.mock.mockito.ResetMocksTestExecutionListener, org.springframework.test.context.web.ServletTestExecutionListener, org.springframework.test.context.support.DirtiesContextBeforeModesTestExecutionListener, org.springframework.test.context.event.ApplicationEventsTestExecutionListener, org.springframework.test.context.support.DependencyInjectionTestExecutionListener, org.springframework.test.context.support.DirtiesContextTestExecutionListener, org.springframework.test.context.transaction.TransactionalTestExecutionListener, org.springframework.test.context.jdbc.SqlScriptsTestExecutionListener, org.springframework.test.context.event.EventPublishingTestExecutionListener]
2023-07-28 08:00:01.675  INFO 64956 --- [    Test worker] .b.t.c.SpringBootTestContextBootstrapper : Using TestExecutionListeners: [org.springframework.test.context.web.ServletTestExecutionListener@173b24c4, org.springframework.test.context.support.DirtiesContextBeforeModesTestExecutionListener@21084a6d, org.springframework.test.context.event.ApplicationEventsTestExecutionListener@c3114ea, org.springframework.boot.test.mock.mockito.MockitoTestExecutionListener@642d971f, org.springframework.boot.test.autoconfigure.SpringBootDependencyInjectionTestExecutionListener@2afe825a, org.springframework.test.context.support.DirtiesContextTestExecutionListener@49c6ee4a, org.springframework.test.context.event.EventPublishingTestExecutionListener@4dd425dc, org.springframework.boot.test.autoconfigure.restdocs.RestDocsTestExecutionListener@4549d616, org.springframework.boot.test.autoconfigure.web.client.MockRestServiceServerResetTestExecutionListener@1bfb60b7, org.springframework.boot.test.autoconfigure.web.servlet.MockMvcPrintOnlyOnFailureTestExecutionListener@65b1693c, org.springframework.boot.test.autoconfigure.web.servlet.WebDriverTestExecutionListener@9a74a93, org.springframework.boot.test.autoconfigure.webservices.client.MockWebServiceServerTestExecutionListener@255d4d7, org.springframework.boot.test.mock.mockito.ResetMocksTestExecutionListener@426bf2f2]
]]></system-out>
  <system-err><![CDATA[]]></system-err>
</testsuite>
