<?xml version="1.0" encoding="UTF-8"?>
<testsuite name="com.ktcraft.pvs.service.persistance.util.DynamoDBUtilsTest" tests="1" skipped="0" failures="0" errors="0" timestamp="2023-07-28T02:30:00" hostname="FWS-CHE-LT-6072" time="0.019">
  <properties/>
  <testcase name="saveWithoutPrimaryKey()" classname="com.ktcraft.pvs.service.persistance.util.DynamoDBUtilsTest" time="0.019"/>
  <system-out><![CDATA[2023-07-28 08:00:00.535  INFO 64956 --- [    Test worker] .b.t.c.SpringBootTestContextBootstrapper : Neither @ContextConfiguration nor @ContextHierarchy found for test class [com.ktcraft.pvs.service.persistance.util.DynamoDBUtilsTest], using SpringBootContextLoader
2023-07-28 08:00:00.535  INFO 64956 --- [    Test worker] o.s.t.c.support.AbstractContextLoader    : Could not detect default resource locations for test class [com.ktcraft.pvs.service.persistance.util.DynamoDBUtilsTest]: no resource found for suffixes {-context.xml, Context.groovy}.
2023-07-28 08:00:00.536  INFO 64956 --- [    Test worker] t.c.s.AnnotationConfigContextLoaderUtils : Could not detect default configuration classes for test class [com.ktcraft.pvs.service.persistance.util.DynamoDBUtilsTest]: DynamoDBUtilsTest does not declare any static, non-private, non-final, nested classes annotated with @Configuration.
2023-07-28 08:00:00.542  INFO 64956 --- [    Test worker] .b.t.c.SpringBootTestContextBootstrapper : Found @SpringBootConfiguration com.ktcraft.pvs.PvsApplication for test class com.ktcraft.pvs.service.persistance.util.DynamoDBUtilsTest
2023-07-28 08:00:00.544  INFO 64956 --- [    Test worker] .b.t.c.SpringBootTestContextBootstrapper : Loaded default TestExecutionListener class names from location [META-INF/spring.factories]: [org.springframework.boot.test.autoconfigure.restdocs.RestDocsTestExecutionListener, org.springframework.boot.test.autoconfigure.web.client.MockRestServiceServerResetTestExecutionListener, org.springframework.boot.test.autoconfigure.web.servlet.MockMvcPrintOnlyOnFailureTestExecutionListener, org.springframework.boot.test.autoconfigure.web.servlet.WebDriverTestExecutionListener, org.springframework.boot.test.autoconfigure.webservices.client.MockWebServiceServerTestExecutionListener, org.springframework.boot.test.mock.mockito.MockitoTestExecutionListener, org.springframework.boot.test.mock.mockito.ResetMocksTestExecutionListener, org.springframework.test.context.web.ServletTestExecutionListener, org.springframework.test.context.support.DirtiesContextBeforeModesTestExecutionListener, org.springframework.test.context.event.ApplicationEventsTestExecutionListener, org.springframework.test.context.support.DependencyInjectionTestExecutionListener, org.springframework.test.context.support.DirtiesContextTestExecutionListener, org.springframework.test.context.transaction.TransactionalTestExecutionListener, org.springframework.test.context.jdbc.SqlScriptsTestExecutionListener, org.springframework.test.context.event.EventPublishingTestExecutionListener]
2023-07-28 08:00:00.545  INFO 64956 --- [    Test worker] .b.t.c.SpringBootTestContextBootstrapper : Using TestExecutionListeners: [org.springframework.test.context.web.ServletTestExecutionListener@6ad3fbe4, org.springframework.test.context.support.DirtiesContextBeforeModesTestExecutionListener@17189618, org.springframework.test.context.event.ApplicationEventsTestExecutionListener@983050b, org.springframework.boot.test.mock.mockito.MockitoTestExecutionListener@6aadb092, org.springframework.boot.test.autoconfigure.SpringBootDependencyInjectionTestExecutionListener@1f547af8, org.springframework.test.context.support.DirtiesContextTestExecutionListener@4caf875c, org.springframework.test.context.event.EventPublishingTestExecutionListener@5d15789f, org.springframework.boot.test.autoconfigure.restdocs.RestDocsTestExecutionListener@5abb7a8f, org.springframework.boot.test.autoconfigure.web.client.MockRestServiceServerResetTestExecutionListener@6684589a, org.springframework.boot.test.autoconfigure.web.servlet.MockMvcPrintOnlyOnFailureTestExecutionListener@5621a671, org.springframework.boot.test.autoconfigure.web.servlet.WebDriverTestExecutionListener@2006fdaa, org.springframework.boot.test.autoconfigure.webservices.client.MockWebServiceServerTestExecutionListener@21688427, org.springframework.boot.test.mock.mockito.ResetMocksTestExecutionListener@656c5818]
]]></system-out>
  <system-err><![CDATA[]]></system-err>
</testsuite>
