<?xml version="1.0" encoding="UTF-8"?>
<testsuite name="com.ktcraft.pvs.service.security.util.JwtTokenUtilTest" tests="5" skipped="0" failures="0" errors="0" timestamp="2023-07-28T02:30:01" hostname="FWS-CHE-LT-6072" time="0.014">
  <properties/>
  <testcase name="decodeJWTwithInvalidToken()" classname="com.ktcraft.pvs.service.security.util.JwtTokenUtilTest" time="0.002"/>
  <testcase name="decodeJWTwithValid()" classname="com.ktcraft.pvs.service.security.util.JwtTokenUtilTest" time="0.002"/>
  <testcase name="validate_withInvalidToken()" classname="com.ktcraft.pvs.service.security.util.JwtTokenUtilTest" time="0.002"/>
  <testcase name="decodeJWTwithExpiredToken()" classname="com.ktcraft.pvs.service.security.util.JwtTokenUtilTest" time="0.002"/>
  <testcase name="validate_withValidToken()" classname="com.ktcraft.pvs.service.security.util.JwtTokenUtilTest" time="0.002"/>
  <system-out><![CDATA[2023-07-28 08:00:01.722  INFO 64956 --- [    Test worker] .b.t.c.SpringBootTestContextBootstrapper : Neither @ContextConfiguration nor @ContextHierarchy found for test class [com.ktcraft.pvs.service.security.util.JwtTokenUtilTest], using SpringBootContextLoader
2023-07-28 08:00:01.722  INFO 64956 --- [    Test worker] o.s.t.c.support.AbstractContextLoader    : Could not detect default resource locations for test class [com.ktcraft.pvs.service.security.util.JwtTokenUtilTest]: no resource found for suffixes {-context.xml, Context.groovy}.
2023-07-28 08:00:01.722  INFO 64956 --- [    Test worker] t.c.s.AnnotationConfigContextLoaderUtils : Could not detect default configuration classes for test class [com.ktcraft.pvs.service.security.util.JwtTokenUtilTest]: JwtTokenUtilTest does not declare any static, non-private, non-final, nested classes annotated with @Configuration.
2023-07-28 08:00:01.723  INFO 64956 --- [    Test worker] .b.t.c.SpringBootTestContextBootstrapper : Found @SpringBootConfiguration com.ktcraft.pvs.PvsApplication for test class com.ktcraft.pvs.service.security.util.JwtTokenUtilTest
2023-07-28 08:00:01.724  INFO 64956 --- [    Test worker] .b.t.c.SpringBootTestContextBootstrapper : Loaded default TestExecutionListener class names from location [META-INF/spring.factories]: [org.springframework.boot.test.autoconfigure.restdocs.RestDocsTestExecutionListener, org.springframework.boot.test.autoconfigure.web.client.MockRestServiceServerResetTestExecutionListener, org.springframework.boot.test.autoconfigure.web.servlet.MockMvcPrintOnlyOnFailureTestExecutionListener, org.springframework.boot.test.autoconfigure.web.servlet.WebDriverTestExecutionListener, org.springframework.boot.test.autoconfigure.webservices.client.MockWebServiceServerTestExecutionListener, org.springframework.boot.test.mock.mockito.MockitoTestExecutionListener, org.springframework.boot.test.mock.mockito.ResetMocksTestExecutionListener, org.springframework.test.context.web.ServletTestExecutionListener, org.springframework.test.context.support.DirtiesContextBeforeModesTestExecutionListener, org.springframework.test.context.event.ApplicationEventsTestExecutionListener, org.springframework.test.context.support.DependencyInjectionTestExecutionListener, org.springframework.test.context.support.DirtiesContextTestExecutionListener, org.springframework.test.context.transaction.TransactionalTestExecutionListener, org.springframework.test.context.jdbc.SqlScriptsTestExecutionListener, org.springframework.test.context.event.EventPublishingTestExecutionListener]
2023-07-28 08:00:01.725  INFO 64956 --- [    Test worker] .b.t.c.SpringBootTestContextBootstrapper : Using TestExecutionListeners: [org.springframework.test.context.web.ServletTestExecutionListener@165a5979, org.springframework.test.context.support.DirtiesContextBeforeModesTestExecutionListener@ea40c9f, org.springframework.test.context.event.ApplicationEventsTestExecutionListener@5d782a4a, org.springframework.boot.test.mock.mockito.MockitoTestExecutionListener@cc91fe3, org.springframework.boot.test.autoconfigure.SpringBootDependencyInjectionTestExecutionListener@481c1e92, org.springframework.test.context.support.DirtiesContextTestExecutionListener@66f223fa, org.springframework.test.context.event.EventPublishingTestExecutionListener@7ac47f14, org.springframework.boot.test.autoconfigure.restdocs.RestDocsTestExecutionListener@3eb641a8, org.springframework.boot.test.autoconfigure.web.client.MockRestServiceServerResetTestExecutionListener@16f62062, org.springframework.boot.test.autoconfigure.web.servlet.MockMvcPrintOnlyOnFailureTestExecutionListener@61ec2cb5, org.springframework.boot.test.autoconfigure.web.servlet.WebDriverTestExecutionListener@3889c343, org.springframework.boot.test.autoconfigure.webservices.client.MockWebServiceServerTestExecutionListener@34be7efb, org.springframework.boot.test.mock.mockito.ResetMocksTestExecutionListener@136cad3e]
]]></system-out>
  <system-err><![CDATA[]]></system-err>
</testsuite>
