<?xml version="1.0" encoding="UTF-8"?>
<testsuite name="com.ktcraft.pvs.service.profile.util.ProfileUtilTest" tests="3" skipped="0" failures="0" errors="0" timestamp="2023-07-28T02:30:01" hostname="FWS-CHE-LT-6072" time="0.007">
  <properties/>
  <testcase name="handleProfileUpdateRequest_toStatusRejected()" classname="com.ktcraft.pvs.service.profile.util.ProfileUtilTest" time="0.002"/>
  <testcase name="handleProfileUpdateRequest_withoutStatusInProgress()" classname="com.ktcraft.pvs.service.profile.util.ProfileUtilTest" time="0.002"/>
  <testcase name="handleProfileUpdateRequest_toStatusAccepted()" classname="com.ktcraft.pvs.service.profile.util.ProfileUtilTest" time="0.002"/>
  <system-out><![CDATA[2023-07-28 08:00:01.013  INFO 64956 --- [    Test worker] .b.t.c.SpringBootTestContextBootstrapper : Neither @ContextConfiguration nor @ContextHierarchy found for test class [com.ktcraft.pvs.service.profile.util.ProfileUtilTest], using SpringBootContextLoader
2023-07-28 08:00:01.013  INFO 64956 --- [    Test worker] o.s.t.c.support.AbstractContextLoader    : Could not detect default resource locations for test class [com.ktcraft.pvs.service.profile.util.ProfileUtilTest]: no resource found for suffixes {-context.xml, Context.groovy}.
2023-07-28 08:00:01.014  INFO 64956 --- [    Test worker] t.c.s.AnnotationConfigContextLoaderUtils : Could not detect default configuration classes for test class [com.ktcraft.pvs.service.profile.util.ProfileUtilTest]: ProfileUtilTest does not declare any static, non-private, non-final, nested classes annotated with @Configuration.
2023-07-28 08:00:01.018  INFO 64956 --- [    Test worker] .b.t.c.SpringBootTestContextBootstrapper : Found @SpringBootConfiguration com.ktcraft.pvs.PvsApplication for test class com.ktcraft.pvs.service.profile.util.ProfileUtilTest
2023-07-28 08:00:01.019  INFO 64956 --- [    Test worker] .b.t.c.SpringBootTestContextBootstrapper : Loaded default TestExecutionListener class names from location [META-INF/spring.factories]: [org.springframework.boot.test.autoconfigure.restdocs.RestDocsTestExecutionListener, org.springframework.boot.test.autoconfigure.web.client.MockRestServiceServerResetTestExecutionListener, org.springframework.boot.test.autoconfigure.web.servlet.MockMvcPrintOnlyOnFailureTestExecutionListener, org.springframework.boot.test.autoconfigure.web.servlet.WebDriverTestExecutionListener, org.springframework.boot.test.autoconfigure.webservices.client.MockWebServiceServerTestExecutionListener, org.springframework.boot.test.mock.mockito.MockitoTestExecutionListener, org.springframework.boot.test.mock.mockito.ResetMocksTestExecutionListener, org.springframework.test.context.web.ServletTestExecutionListener, org.springframework.test.context.support.DirtiesContextBeforeModesTestExecutionListener, org.springframework.test.context.event.ApplicationEventsTestExecutionListener, org.springframework.test.context.support.DependencyInjectionTestExecutionListener, org.springframework.test.context.support.DirtiesContextTestExecutionListener, org.springframework.test.context.transaction.TransactionalTestExecutionListener, org.springframework.test.context.jdbc.SqlScriptsTestExecutionListener, org.springframework.test.context.event.EventPublishingTestExecutionListener]
2023-07-28 08:00:01.020  INFO 64956 --- [    Test worker] .b.t.c.SpringBootTestContextBootstrapper : Using TestExecutionListeners: [org.springframework.test.context.web.ServletTestExecutionListener@3c1df0e9, org.springframework.test.context.support.DirtiesContextBeforeModesTestExecutionListener@4b7a4c83, org.springframework.test.context.event.ApplicationEventsTestExecutionListener@768e40af, org.springframework.boot.test.mock.mockito.MockitoTestExecutionListener@165824f5, org.springframework.boot.test.autoconfigure.SpringBootDependencyInjectionTestExecutionListener@4511146f, org.springframework.test.context.support.DirtiesContextTestExecutionListener@5c16561a, org.springframework.test.context.event.EventPublishingTestExecutionListener@5819ee0f, org.springframework.boot.test.autoconfigure.restdocs.RestDocsTestExecutionListener@f310675, org.springframework.boot.test.autoconfigure.web.client.MockRestServiceServerResetTestExecutionListener@424ec990, org.springframework.boot.test.autoconfigure.web.servlet.MockMvcPrintOnlyOnFailureTestExecutionListener@2c06e145, org.springframework.boot.test.autoconfigure.web.servlet.WebDriverTestExecutionListener@3b780b5c, org.springframework.boot.test.autoconfigure.webservices.client.MockWebServiceServerTestExecutionListener@3c7db0e8, org.springframework.boot.test.mock.mockito.ResetMocksTestExecutionListener@84becbe]
]]></system-out>
  <system-err><![CDATA[]]></system-err>
</testsuite>
